\BOOKMARK [0][-]{chapter.1}{\376\377\000C\000o\000d\000e\000\040\000D\000o\000c\000u\000m\000e\000n\000t\000a\000t\000i\000o\000n}{}% 1
\BOOKMARK [1][-]{section.1.1}{\376\377\000T\000w\000e\000e\000t\000s\000\040\000P\000r\000o\000c\000e\000s\000s}{chapter.1}% 2
\BOOKMARK [2][-]{subsection.1.1.1}{\376\377\000T\000a\000g\000M\000e\000\040\000S\000e\000r\000v\000i\000c\000e}{section.1.1}% 3
\BOOKMARK [2][-]{subsection.1.1.2}{\376\377\000E\000n\000t\000i\000t\000y\000\040\000L\000i\000n\000k\000e\000r\000\040\000S\000e\000r\000v\000i\000c\000e}{section.1.1}% 4
\BOOKMARK [2][-]{subsection.1.1.3}{\376\377\000T\000w\000e\000e\000t\000\040\000P\000r\000o\000c\000e\000s\000s\000o\000r}{section.1.1}% 5
\BOOKMARK [1][-]{section.1.2}{\376\377\000T\000w\000e\000e\000t\000s\000\040\000S\000e\000a\000r\000c\000h\000e\000r}{chapter.1}% 6
\BOOKMARK [2][-]{subsection.1.2.1}{\376\377\000S\000e\000a\000r\000c\000h\000\040\000T\000w\000e\000e\000t\000s}{section.1.2}% 7
\BOOKMARK [1][-]{section.1.3}{\376\377\000U\000s\000e\000r\000s\000\040\000S\000e\000a\000r\000c\000h\000e\000r}{chapter.1}% 8
\BOOKMARK [2][-]{subsection.1.3.1}{\376\377\000S\000e\000a\000r\000c\000h\000\040\000U\000s\000e\000r\000s}{section.1.3}% 9
\BOOKMARK [1][-]{section.1.4}{\376\377\000M\000a\000n\000a\000g\000e\000\040\000T\000w\000e\000e\000t\000s}{chapter.1}% 10
\BOOKMARK [2][-]{subsection.1.4.1}{\376\377\000M\000a\000n\000a\000g\000e\000\040\000T\000w\000e\000e\000t\000s}{section.1.4}% 11
\BOOKMARK [0][-]{chapter.2}{\376\377\000U\000s\000e\000r\000\040\000G\000u\000i\000d\000e}{}% 12
\BOOKMARK [1][-]{section.2.1}{\376\377\000I\000n\000i\000t\000i\000a\000l\000i\000z\000a\000t\000i\000o\000n}{chapter.2}% 13
\BOOKMARK [2][-]{subsection.2.1.1}{\376\377\000S\000e\000t\000u\000p}{section.2.1}% 14
\BOOKMARK [1][-]{section.2.2}{\376\377\000S\000c\000r\000i\000p\000t\000s}{chapter.2}% 15
\BOOKMARK [2][-]{subsection.2.2.1}{\376\377\000S\000e\000a\000r\000c\000h\000\040\000T\000w\000e\000e\000t\000s\000\040\000S\000c\000r\000i\000p\000t}{section.2.2}% 16
\BOOKMARK [3][-]{subsubsection.2.2.1.1}{\376\377\000C\000o\000n\000f\000i\000g\000u\000r\000a\000t\000i\000o\000n\000\040\000f\000i\000l\000e}{subsection.2.2.1}% 17
\BOOKMARK [4][-]{paragraph.2.2.1.1.1}{\376\377\000M\000a\000n\000d\000a\000t\000o\000r\000y\000\040\000S\000e\000c\000t\000i\000o\000n}{subsubsection.2.2.1.1}% 18
\BOOKMARK [4][-]{paragraph.2.2.1.1.2}{\376\377\000O\000p\000t\000i\000o\000n\000a\000l\000\040\000S\000e\000c\000t\000i\000o\000n}{subsubsection.2.2.1.1}% 19
\BOOKMARK [5][-]{subparagraph.2.2.1.1.2.1}{\376\377\0001\000.\000\040\000L\000a\000n\000g}{paragraph.2.2.1.1.2}% 20
\BOOKMARK [5][-]{subparagraph.2.2.1.1.2.2}{\376\377\0002\000.\000\040\000C\000o\000n\000t\000e\000x\000t\000\040\000A\000n\000n\000o\000t\000a\000t\000i\000o\000n}{paragraph.2.2.1.1.2}% 21
\BOOKMARK [5][-]{subparagraph.2.2.1.1.2.3}{\376\377\0003\000.\000\040\000N\000u\000m\000b\000e\000r\000\040\000o\000f\000\040\000r\000e\000s\000u\000l\000t\000s}{paragraph.2.2.1.1.2}% 22
\BOOKMARK [5][-]{subparagraph.2.2.1.1.2.4}{\376\377\0004\000.\000\040\000R\000e\000a\000c\000h\000\040\000a\000l\000l\000\040\000t\000w\000e\000e\000t\000s}{paragraph.2.2.1.1.2}% 23
\BOOKMARK [5][-]{subparagraph.2.2.1.1.2.5}{\376\377\0005\000.\000\040\000T\000i\000m\000e}{paragraph.2.2.1.1.2}% 24
\BOOKMARK [5][-]{subparagraph.2.2.1.1.2.6}{\376\377\0006\000.\000\040\000G\000e\000o}{paragraph.2.2.1.1.2}% 25
\BOOKMARK [5][-]{subparagraph.2.2.1.1.2.7}{\376\377\0007\000.\000\040\000F\000i\000l\000t\000e\000r\000\040\000r\000e\000t\000w\000e\000e\000t}{paragraph.2.2.1.1.2}% 26
\BOOKMARK [3][-]{subsubsection.2.2.1.2}{\376\377\000U\000s\000e\000\040\000t\000h\000e\000\040\000s\000c\000r\000i\000p\000t}{subsection.2.2.1}% 27
\BOOKMARK [2][-]{subsection.2.2.2}{\376\377\000S\000e\000a\000r\000c\000h\000\040\000U\000s\000e\000r\000s\000\040\000S\000c\000r\000i\000p\000t}{section.2.2}% 28
\BOOKMARK [3][-]{subsubsection.2.2.2.1}{\376\377\000C\000o\000n\000f\000i\000g\000u\000r\000a\000t\000i\000o\000n\000\040\000f\000i\000l\000e}{subsection.2.2.2}% 29
\BOOKMARK [4][-]{paragraph.2.2.2.1.1}{\376\377\000M\000o\000n\000g\000o\000d\000b\000\040\000t\000w\000e\000e\000t\000s}{subsubsection.2.2.2.1}% 30
\BOOKMARK [4][-]{paragraph.2.2.2.1.2}{\376\377\000M\000o\000n\000g\000o\000d\000b\000\040\000U\000s\000e\000r\000s}{subsubsection.2.2.2.1}% 31
\BOOKMARK [4][-]{paragraph.2.2.2.1.3}{\376\377\000T\000w\000i\000t\000t\000e\000r}{subsubsection.2.2.2.1}% 32
\BOOKMARK [3][-]{subsubsection.2.2.2.2}{\376\377\000U\000s\000e\000\040\000t\000h\000e\000\040\000s\000c\000r\000i\000p\000t}{subsection.2.2.2}% 33
\BOOKMARK [2][-]{subsection.2.2.3}{\376\377\000P\000r\000o\000c\000e\000s\000s\000\040\000T\000w\000e\000e\000t\000s\000\040\000S\000c\000r\000i\000p\000t}{section.2.2}% 34
\BOOKMARK [3][-]{subsubsection.2.2.3.1}{\376\377\000C\000o\000n\000f\000i\000g\000u\000r\000a\000t\000i\000o\000n\000\040\000f\000i\000l\000e}{subsection.2.2.3}% 35
\BOOKMARK [4][-]{paragraph.2.2.3.1.1}{\376\377\000M\000o\000n\000g\000o\000d\000b}{subsubsection.2.2.3.1}% 36
\BOOKMARK [4][-]{paragraph.2.2.3.1.2}{\376\377\000A\000n\000a\000l\000y\000s\000e\000s\000:\000N\000l\000p}{subsubsection.2.2.3.1}% 37
\BOOKMARK [4][-]{paragraph.2.2.3.1.3}{\376\377\000A\000n\000a\000l\000y\000s\000e\000s\000:\000T\000a\000g\000M\000e}{subsubsection.2.2.3.1}% 38
\BOOKMARK [4][-]{paragraph.2.2.3.1.4}{\376\377\000A\000n\000a\000l\000y\000s\000e\000s\000:\000S\000e\000n\000t\000i\000m\000e\000n\000t\000\040\000A\000n\000a\000l\000y\000s\000e\000s}{subsubsection.2.2.3.1}% 39
\BOOKMARK [4][-]{paragraph.2.2.3.1.5}{\376\377\000A\000n\000a\000l\000y\000s\000e\000s\000:\000G\000e\000o\000c\000o\000d\000i\000n\000g}{subsubsection.2.2.3.1}% 40
\BOOKMARK [4][-]{paragraph.2.2.3.1.6}{\376\377\000A\000n\000a\000l\000y\000s\000e\000s\000:\000A\000n\000a\000l\000y\000z\000e\000\040\000a\000l\000l\000\040\000t\000w\000e\000e\000t\000s}{subsubsection.2.2.3.1}% 41
\BOOKMARK [3][-]{subsubsection.2.2.3.2}{\376\377\000U\000s\000e\000\040\000t\000h\000e\000\040\000s\000c\000r\000i\000p\000t}{subsection.2.2.3}% 42
\BOOKMARK [2][-]{subsection.2.2.4}{\376\377\000M\000a\000n\000a\000g\000e\000\040\000T\000w\000e\000e\000t\000s\000\040\000S\000c\000r\000i\000p\000t}{section.2.2}% 43
\BOOKMARK [3][-]{subsubsection.2.2.4.1}{\376\377\000C\000o\000n\000f\000i\000g\000u\000r\000a\000t\000i\000o\000n\000\040\000f\000i\000l\000e}{subsection.2.2.4}% 44
\BOOKMARK [4][-]{paragraph.2.2.4.1.1}{\376\377\000M\000o\000n\000g\000o\000d\000b}{subsubsection.2.2.4.1}% 45
\BOOKMARK [4][-]{paragraph.2.2.4.1.2}{\376\377\000M\000o\000d\000e}{subsubsection.2.2.4.1}% 46
\BOOKMARK [5][-]{subparagraph.2.2.4.1.2.1}{\376\377\000M\000o\000d\000e\000:\000\040\000e\000x\000t\000r\000a\000c\000t}{paragraph.2.2.4.1.2}% 47
\BOOKMARK [5][-]{subparagraph.2.2.4.1.2.2}{\376\377\000M\000o\000d\000e\000:\000\040\000d\000e\000l\000e\000t\000e}{paragraph.2.2.4.1.2}% 48
\BOOKMARK [4][-]{paragraph.2.2.4.1.3}{\376\377\000C\000r\000i\000t\000e\000r\000i\000a}{subsubsection.2.2.4.1}% 49
\BOOKMARK [3][-]{subsubsection.2.2.4.2}{\376\377\000U\000s\000e\000\040\000t\000h\000e\000\040\000s\000c\000r\000i\000p\000t}{subsection.2.2.4}% 50
\BOOKMARK [0][-]{chapter.3}{\376\377\000I\000n\000d\000i\000c\000e\000s\000\040\000a\000n\000d\000\040\000t\000a\000b\000l\000e\000s}{}% 51
\BOOKMARK [0][-]{section*.47}{\376\377\000P\000y\000t\000h\000o\000n\000\040\000M\000o\000d\000u\000l\000e\000\040\000I\000n\000d\000e\000x}{}% 52
\BOOKMARK [0][-]{section*.48}{\376\377\000I\000n\000d\000e\000x}{}% 53
